2023-11-01 18:19:51,063 - INFO - Initializing LogProcessor
2023-11-01 18:19:51,063 - INFO - Setting up UI components
2023-11-01 18:19:51,088 - INFO - Setting up UI components
2023-11-01 18:19:51,238 - DEBUG - Frame reconfigured. Updating canvas scrollregion.
2023-11-01 18:19:51,245 - DEBUG - Frame reconfigured. Updating canvas scrollregion.
2023-11-01 18:19:55,464 - DEBUG - Populating the treeview with the parsed information.
2023-11-01 18:19:58,472 - DEBUG - Populating the treeview with the parsed information.
2023-11-01 18:19:59,710 - DEBUG - Populating the treeview with the parsed information.
2023-11-01 18:24:17,072 - INFO - Initializing LogProcessor
2023-11-01 18:24:17,072 - INFO - Setting up UI components
2023-11-01 18:24:17,089 - INFO - Setting up UI components
2023-11-01 18:24:17,217 - DEBUG - Frame reconfigured. Updating canvas scrollregion.
2023-11-01 18:24:17,226 - DEBUG - Frame reconfigured. Updating canvas scrollregion.
2023-11-01 18:24:26,232 - DEBUG - Populating the treeview with the parsed information.
2023-11-01 18:24:29,859 - DEBUG - Populating the treeview with the parsed information.
2023-11-01 18:24:30,947 - DEBUG - Populating the treeview with the parsed information.
2023-11-03 19:25:27,033 - INFO - Initializing LogProcessor
2023-11-03 19:25:27,033 - INFO - Setting up UI components
2023-11-03 19:25:27,057 - INFO - Setting up UI components
2023-11-03 19:25:27,279 - DEBUG - Frame reconfigured. Updating canvas scrollregion.
2023-11-03 19:25:27,292 - DEBUG - Frame reconfigured. Updating canvas scrollregion.
2023-11-03 19:25:32,940 - DEBUG - Populating the treeview with the parsed information.
2023-11-07 14:43:41,881 - INFO - Initializing LogProcessor
2023-11-07 14:43:41,881 - INFO - Setting up UI components
2023-11-07 14:43:41,907 - INFO - Setting up UI components
2023-11-07 14:43:42,112 - DEBUG - Frame reconfigured. Updating canvas scrollregion.
2023-11-07 14:43:42,119 - DEBUG - Frame reconfigured. Updating canvas scrollregion.
2023-11-07 14:43:51,520 - DEBUG - Populating the treeview with the parsed information.
2023-11-07 14:43:58,100 - DEBUG - Populating the treeview with the parsed information.
2023-11-07 14:43:59,540 - DEBUG - Populating the treeview with the parsed information.
2023-11-07 14:44:47,187 - DEBUG - Populating the treeview with the parsed information.
2023-11-22 17:48:04,536 - INFO - Initializing LogProcessor
2023-11-22 17:48:04,537 - INFO - Setting up UI components
2023-11-22 17:48:04,561 - INFO - Setting up UI components
2023-11-22 17:48:04,750 - DEBUG - Frame reconfigured. Updating canvas scrollregion.
2023-11-22 17:48:04,760 - DEBUG - Frame reconfigured. Updating canvas scrollregion.
2023-11-29 16:26:59,931 - INFO - Initializing LogProcessor
2023-11-29 16:26:59,931 - INFO - Setting up UI components
2023-11-29 16:26:59,955 - INFO - Setting up UI components
2023-11-29 16:27:00,153 - DEBUG - Frame reconfigured. Updating canvas scrollregion.
2023-11-29 16:27:00,167 - DEBUG - Frame reconfigured. Updating canvas scrollregion.
2023-11-29 16:27:54,787 - DEBUG - Populating the treeview with the parsed information.
2023-11-29 16:27:54,789 - ERROR - Error populating treeview: division by zero
Traceback (most recent call last):
  File "test_parser_1.py", line 276, in populate_treeview
  File "test_parser_1.py", line 339, in update_progress_after_chunk
ZeroDivisionError: division by zero

